Calling https://sde-assignment-2.herokuapp.com/

**********3.0**********
****APPLICATION/JSON****

Request #0:
Header: 
GET /database_init/ Accept: APPLICATION/JSON Content-Type: APPLICATION/JSON
=> Result: OK
=> HTTP Status: 200 OK
Body: 
[ {
  "idPerson" : 34,
  "lastname" : "Hermann",
  "birthdate" : "2017-11-22T19:47:03",
  "activitypreference" : [ {
    "idActivity" : 35,
    "name" : "Running",
    "description" : "Running on the track",
    "place" : "Trento",
    "type" : "Sport",
    "startdate" : "2017-11-22T19:47:03"
  }, {
    "idActivity" : 36,
    "name" : "Cooking",
    "description" : "Japanese cooking class",
    "place" : "Rovereto",
    "type" : "Social",
    "startdate" : "2017-11-22T19:47:03"
  } ],
  "firstName" : "Julia"
}, {
  "idPerson" : 37,
  "lastname" : "Kanyicska",
  "birthdate" : "2017-11-22T19:47:04",
  "activitypreference" : [ {
    "idActivity" : 38,
    "name" : "Museum",
    "description" : "Attending history museum",
    "place" : "Budpest",
    "type" : "Culture",
    "startdate" : "2017-11-22T19:47:04"
  }, {
    "idActivity" : 39,
    "name" : "Summer school",
    "description" : "EIT Digital summer school on Big Data",
    "place" : "Stockholm",
    "type" : "Academic",
    "startdate" : "2017-11-22T19:47:04"
  } ],
  "firstName" : "Daniella"
}, {
  "idPerson" : 40,
  "lastname" : "Lele",
  "birthdate" : "2017-11-22T19:47:05",
  "activitypreference" : [ {
    "idActivity" : 41,
    "name" : "Treasure Hunt",
    "description" : "Fun outdoors pub crawl with colleauges",
    "place" : "Budapest",
    "type" : "Work",
    "startdate" : "2017-11-22T19:47:05"
  }, {
    "idActivity" : 42,
    "name" : "Dog Wlaking",
    "description" : "Walking with the family dog",
    "place" : "Tata",
    "type" : "Social",
    "startdate" : "2017-11-22T19:47:05"
  } ],
  "firstName" : "Zsofia"
}, {
  "idPerson" : 43,
  "lastname" : "Hermann",
  "birthdate" : "2017-11-22T19:47:05",
  "activitypreference" : [ {
    "idActivity" : 44,
    "name" : "Shopping",
    "description" : "Going to shopping centre",
    "place" : "Vienna",
    "type" : "Social",
    "startdate" : "2017-11-22T19:47:05"
  }, {
    "idActivity" : 45,
    "name" : "Exam",
    "description" : "Proving results of studying in a semester",
    "place" : "Budapest",
    "type" : "Academic",
    "startdate" : "2017-11-22T19:47:05"
  } ],
  "firstName" : "Kata"
}, {
  "idPerson" : 46,
  "lastname" : "Mirko",
  "birthdate" : "2017-11-22T19:47:05",
  "activitypreference" : [ {
    "idActivity" : 47,
    "name" : "Yoga",
    "description" : "Relaxing and streching",
    "place" : "Budapest",
    "type" : "Sport",
    "startdate" : "2017-11-22T19:47:05"
  }, {
    "idActivity" : 48,
    "name" : "Hiking",
    "description" : "Going up to mountain peaks",
    "place" : "Trento",
    "type" : "Sport",
    "startdate" : "2017-11-22T19:47:05"
  } ],
  "firstName" : "Mate"
} ]


**********3.1**********
****APPLICATION/JSON****
The number of people in the database is: 15
The id of the first person: 1
The id of the last person: 46

Request #1:
Header: 
GET /person/ Accept: APPLICATION/JSON Content-Type: APPLICATION/JSON
=> Result: OK
=> HTTP Status: 200 OK
Body: 
[ {
  "idPerson" : 1,
  "lastname" : "Hermann",
  "birthdate" : "2017-11-15T21:15:25",
  "activitypreference" : [ {
    "idActivity" : 2,
    "name" : "Running",
    "description" : "Running on the track",
    "place" : "Trento",
    "type" : "Sport",
    "startdate" : "2017-11-15T21:15:25"
  }, {
    "idActivity" : 3,
    "name" : "Cooking",
    "description" : "Japanese cooking class",
    "place" : "Rovereto",
    "type" : "Social",
    "startdate" : "2017-11-15T21:15:25"
  }, {
    "idActivity" : 18,
    "name" : "Swimming",
    "description" : "Swimming in the river",
    "place" : "Adige",
    "type" : "Sport",
    "startdate" : "2017-12-28T07:50:00"
  } ],
  "firstName" : "Marika"
}, {
  "idPerson" : 4,
  "lastname" : "Kanyicska",
  "birthdate" : "2017-11-22T19:45:53",
  "activitypreference" : [ {
    "idActivity" : 5,
    "name" : "Museum",
    "description" : "Attending history museum",
    "place" : "Budpest",
    "type" : "Culture",
    "startdate" : "2017-11-22T19:45:53"
  }, {
    "idActivity" : 6,
    "name" : "Summer school",
    "description" : "EIT Digital summer school on Big Data",
    "place" : "Stockholm",
    "type" : "Academic",
    "startdate" : "2017-11-22T19:45:53"
  } ],
  "firstName" : "Daniella"
}, {
  "idPerson" : 7,
  "lastname" : "Lele",
  "birthdate" : "2017-11-22T19:45:54",
  "activitypreference" : [ {
    "idActivity" : 8,
    "name" : "Treasure Hunt",
    "description" : "Fun outdoors pub crawl with colleauges",
    "place" : "Budapest",
    "type" : "Work",
    "startdate" : "2017-11-22T19:45:54"
  }, {
    "idActivity" : 9,
    "name" : "Dog Wlaking",
    "description" : "Walking with the family dog",
    "place" : "Tata",
    "type" : "Social",
    "startdate" : "2017-11-22T19:45:54"
  } ],
  "firstName" : "Zsofia"
}, {
  "idPerson" : 10,
  "lastname" : "Hermann",
  "birthdate" : "2017-11-22T19:45:54",
  "activitypreference" : [ {
    "idActivity" : 11,
    "name" : "Shopping",
    "description" : "Going to shopping centre",
    "place" : "Vienna",
    "type" : "Social",
    "startdate" : "2017-11-22T19:45:54"
  }, {
    "idActivity" : 12,
    "name" : "Exam",
    "description" : "Proving results of studying in a semester",
    "place" : "Budapest",
    "type" : "Academic",
    "startdate" : "2017-11-22T19:45:54"
  } ],
  "firstName" : "Kata"
}, {
  "idPerson" : 13,
  "lastname" : "Mirko",
  "birthdate" : "2017-11-22T19:45:54",
  "activitypreference" : [ {
    "idActivity" : 14,
    "name" : "Yoga",
    "description" : "Relaxing and streching",
    "place" : "Budapest",
    "type" : "Sport",
    "startdate" : "2017-11-22T19:45:54"
  }, {
    "idActivity" : 15,
    "name" : "Hiking",
    "description" : "Going up to mountain peaks",
    "place" : "Trento",
    "type" : "Sport",
    "startdate" : "2017-11-22T19:45:54"
  } ],
  "firstName" : "Mate"
}, {
  "idPerson" : 19,
  "lastname" : "Hermann",
  "birthdate" : "2017-11-22T19:47:00",
  "activitypreference" : [ {
    "idActivity" : 20,
    "name" : "Running",
    "description" : "Running on the track",
    "place" : "Trento",
    "type" : "Sport",
    "startdate" : "2017-11-22T19:47:00"
  }, {
    "idActivity" : 21,
    "name" : "Cooking",
    "description" : "Japanese cooking class",
    "place" : "Rovereto",
    "type" : "Social",
    "startdate" : "2017-11-22T19:47:00"
  } ],
  "firstName" : "Julia"
}, {
  "idPerson" : 22,
  "lastname" : "Kanyicska",
  "birthdate" : "2017-11-22T19:47:00",
  "activitypreference" : [ {
    "idActivity" : 23,
    "name" : "Museum",
    "description" : "Attending history museum",
    "place" : "Budpest",
    "type" : "Culture",
    "startdate" : "2017-11-22T19:47:00"
  }, {
    "idActivity" : 24,
    "name" : "Summer school",
    "description" : "EIT Digital summer school on Big Data",
    "place" : "Stockholm",
    "type" : "Academic",
    "startdate" : "2017-11-22T19:47:00"
  } ],
  "firstName" : "Daniella"
}, {
  "idPerson" : 25,
  "lastname" : "Lele",
  "birthdate" : "2017-11-22T19:47:00",
  "activitypreference" : [ {
    "idActivity" : 26,
    "name" : "Treasure Hunt",
    "description" : "Fun outdoors pub crawl with colleauges",
    "place" : "Budapest",
    "type" : "Work",
    "startdate" : "2017-11-22T19:47:00"
  }, {
    "idActivity" : 27,
    "name" : "Dog Wlaking",
    "description" : "Walking with the family dog",
    "place" : "Tata",
    "type" : "Social",
    "startdate" : "2017-11-22T19:47:00"
  } ],
  "firstName" : "Zsofia"
}, {
  "idPerson" : 28,
  "lastname" : "Hermann",
  "birthdate" : "2017-11-22T19:47:00",
  "activitypreference" : [ {
    "idActivity" : 29,
    "name" : "Shopping",
    "description" : "Going to shopping centre",
    "place" : "Vienna",
    "type" : "Social",
    "startdate" : "2017-11-22T19:47:00"
  }, {
    "idActivity" : 30,
    "name" : "Exam",
    "description" : "Proving results of studying in a semester",
    "place" : "Budapest",
    "type" : "Academic",
    "startdate" : "2017-11-22T19:47:00"
  } ],
  "firstName" : "Kata"
}, {
  "idPerson" : 31,
  "lastname" : "Mirko",
  "birthdate" : "2017-11-22T19:47:00",
  "activitypreference" : [ {
    "idActivity" : 32,
    "name" : "Yoga",
    "description" : "Relaxing and streching",
    "place" : "Budapest",
    "type" : "Sport",
    "startdate" : "2017-11-22T19:47:00"
  }, {
    "idActivity" : 33,
    "name" : "Hiking",
    "description" : "Going up to mountain peaks",
    "place" : "Trento",
    "type" : "Sport",
    "startdate" : "2017-11-22T19:47:00"
  } ],
  "firstName" : "Mate"
}, {
  "idPerson" : 34,
  "lastname" : "Hermann",
  "birthdate" : "2017-11-22T19:47:03",
  "activitypreference" : [ {
    "idActivity" : 35,
    "name" : "Running",
    "description" : "Running on the track",
    "place" : "Trento",
    "type" : "Sport",
    "startdate" : "2017-11-22T19:47:03"
  }, {
    "idActivity" : 36,
    "name" : "Cooking",
    "description" : "Japanese cooking class",
    "place" : "Rovereto",
    "type" : "Social",
    "startdate" : "2017-11-22T19:47:03"
  } ],
  "firstName" : "Julia"
}, {
  "idPerson" : 37,
  "lastname" : "Kanyicska",
  "birthdate" : "2017-11-22T19:47:04",
  "activitypreference" : [ {
    "idActivity" : 38,
    "name" : "Museum",
    "description" : "Attending history museum",
    "place" : "Budpest",
    "type" : "Culture",
    "startdate" : "2017-11-22T19:47:04"
  }, {
    "idActivity" : 39,
    "name" : "Summer school",
    "description" : "EIT Digital summer school on Big Data",
    "place" : "Stockholm",
    "type" : "Academic",
    "startdate" : "2017-11-22T19:47:04"
  } ],
  "firstName" : "Daniella"
}, {
  "idPerson" : 40,
  "lastname" : "Lele",
  "birthdate" : "2017-11-22T19:47:05",
  "activitypreference" : [ {
    "idActivity" : 41,
    "name" : "Treasure Hunt",
    "description" : "Fun outdoors pub crawl with colleauges",
    "place" : "Budapest",
    "type" : "Work",
    "startdate" : "2017-11-22T19:47:05"
  }, {
    "idActivity" : 42,
    "name" : "Dog Wlaking",
    "description" : "Walking with the family dog",
    "place" : "Tata",
    "type" : "Social",
    "startdate" : "2017-11-22T19:47:05"
  } ],
  "firstName" : "Zsofia"
}, {
  "idPerson" : 43,
  "lastname" : "Hermann",
  "birthdate" : "2017-11-22T19:47:05",
  "activitypreference" : [ {
    "idActivity" : 44,
    "name" : "Shopping",
    "description" : "Going to shopping centre",
    "place" : "Vienna",
    "type" : "Social",
    "startdate" : "2017-11-22T19:47:05"
  }, {
    "idActivity" : 45,
    "name" : "Exam",
    "description" : "Proving results of studying in a semester",
    "place" : "Budapest",
    "type" : "Academic",
    "startdate" : "2017-11-22T19:47:05"
  } ],
  "firstName" : "Kata"
}, {
  "idPerson" : 46,
  "lastname" : "Mirko",
  "birthdate" : "2017-11-22T19:47:05",
  "activitypreference" : [ {
    "idActivity" : 47,
    "name" : "Yoga",
    "description" : "Relaxing and streching",
    "place" : "Budapest",
    "type" : "Sport",
    "startdate" : "2017-11-22T19:47:05"
  }, {
    "idActivity" : 48,
    "name" : "Hiking",
    "description" : "Going up to mountain peaks",
    "place" : "Trento",
    "type" : "Sport",
    "startdate" : "2017-11-22T19:47:05"
  } ],
  "firstName" : "Mate"
} ]


**********3.2**********
****APPLICATION/JSON****

Request #2:
Header: 
GET /person/1 Accept: APPLICATION/JSON Content-Type: APPLICATION/JSON
=> Result: OK
=> HTTP Status: 200 OK
Body: {
  "idPerson" : 1,
  "lastname" : "Hermann",
  "birthdate" : "2017-11-15T21:15:25",
  "activitypreference" : [ {
    "idActivity" : 2,
    "name" : "Running",
    "description" : "Running on the track",
    "place" : "Trento",
    "type" : "Sport",
    "startdate" : "2017-11-15T21:15:25"
  }, {
    "idActivity" : 3,
    "name" : "Cooking",
    "description" : "Japanese cooking class",
    "place" : "Rovereto",
    "type" : "Social",
    "startdate" : "2017-11-15T21:15:25"
  }, {
    "idActivity" : 18,
    "name" : "Swimming",
    "description" : "Swimming in the river",
    "place" : "Adige",
    "type" : "Sport",
    "startdate" : "2017-12-28T07:50:00"
  } ],
  "firstName" : "Marika"
}


**********3.3**********
****APPLICATION/JSON****

Request #3:
Header: 
PUT /person/1 Accept: APPLICATION/JSON Content-Type: APPLICATION/JSON
=> Result: ERROR
=> HTTP Status: 201 Created
Updated person: {
  "idPerson" : 1,
  "lastname" : "Hermann",
  "birthdate" : "2017-11-15T21:15:25",
  "activitypreference" : [ {
    "idActivity" : 2,
    "name" : "Running",
    "description" : "Running on the track",
    "place" : "Trento",
    "type" : "Sport",
    "startdate" : "2017-11-15T21:15:25"
  }, {
    "idActivity" : 3,
    "name" : "Cooking",
    "description" : "Japanese cooking class",
    "place" : "Rovereto",
    "type" : "Social",
    "startdate" : "2017-11-15T21:15:25"
  } ],
  "firstName" : "Marika"
}

**********3.4**********
****APPLICATION/JSON****

Request #4:
Header: 
POST /person/ Accept: APPLICATION/JSON Content-Type: APPLICATION/JSON
=> Result: OK
=> HTTP Status: 200 OK
Body: {
  "idPerson" : 49,
  "lastname" : "Holmes",
  "birthdate" : "2017-11-15T21:15:25",
  "activitypreference" : [ {
    "idActivity" : 50,
    "name" : "Going out",
    "description" : "Going to a restaurant or a bar with friends.",
    "place" : "London",
    "type" : "Social",
    "startdate" : "2017-11-15T21:15:25"
  } ],
  "firstName" : "Sherlock"
}
The id of the newly created person: 49

**********3.5**********
****APPLICATION/JSON****

Request #5:
Header: 
DELETE /person/49 Accept: APPLICATION/JSON Content-Type: APPLICATION/JSON
=> Result: OK
=> HTTP Status: 204 No Content

**********3.6**********
****APPLICATION/JSON****

Request #6:
Header: 
GET /activity_type/ Accept: APPLICATION/JSON Content-Type: APPLICATION/JSON
=> Result: OK
=> HTTP Status: 200 OK
Body: 
[ "Sport", "Social", "Academic", "Work", "Culture" ]

List of activity types in the system:[Sport, Social, Academic, Work, Culture]

**********3.7**********
****APPLICATION/JSON****

Request #7:
Header: 
GET /person/1/SPORT Accept: APPLICATION/JSON Content-Type: APPLICATION/JSON
=> Result: OK
=> HTTP Status: 200 OK
Body: 
[ {
  "idActivity" : 2,
  "name" : "Running",
  "description" : "Running on the track",
  "place" : "Trento",
  "type" : "Sport",
  "startdate" : "2017-11-15T21:15:25"
} ]


Request #7:
Header: 
GET /person/1/SOCIAL Accept: APPLICATION/JSON Content-Type: APPLICATION/JSON
=> Result: OK
=> HTTP Status: 200 OK
Body: 
[ {
  "idActivity" : 3,
  "name" : "Cooking",
  "description" : "Japanese cooking class",
  "place" : "Rovereto",
  "type" : "Social",
  "startdate" : "2017-11-15T21:15:25"
} ]


Request #7:
Header: 
GET /person/1/ACADEMIC Accept: APPLICATION/JSON Content-Type: APPLICATION/JSON
=> Result: ERROR
=> HTTP Status: 200 OK
Body: 
[ ]


Request #7:
Header: 
GET /person/1/WORK Accept: APPLICATION/JSON Content-Type: APPLICATION/JSON
=> Result: ERROR
=> HTTP Status: 200 OK
Body: 
[ ]


Request #7:
Header: 
GET /person/1/CULTURE Accept: APPLICATION/JSON Content-Type: APPLICATION/JSON
=> Result: ERROR
=> HTTP Status: 200 OK
Body: 
[ ]


Request #7b:
Header: 
GET /person/46/Sport Accept: APPLICATION/JSON Content-Type: APPLICATION/JSON
=> Result: OK
=> HTTP Status: 200 OK
Body: 
[ {
  "idActivity" : 47,
  "name" : "Yoga",
  "description" : "Relaxing and streching",
  "place" : "Budapest",
  "type" : "Sport",
  "startdate" : "2017-11-22T19:47:05"
}, {
  "idActivity" : 48,
  "name" : "Hiking",
  "description" : "Going up to mountain peaks",
  "place" : "Trento",
  "type" : "Sport",
  "startdate" : "2017-11-22T19:47:05"
} ]


Request #7b:
Header: 
GET /person/46/Social Accept: APPLICATION/JSON Content-Type: APPLICATION/JSON
=> Result: ERROR
=> HTTP Status: 200 OK
Body: 
[ ]


Request #7b:
Header: 
GET /person/46/Academic Accept: APPLICATION/JSON Content-Type: APPLICATION/JSON
=> Result: ERROR
=> HTTP Status: 200 OK
Body: 
[ ]


Request #7b:
Header: 
GET /person/46/Work Accept: APPLICATION/JSON Content-Type: APPLICATION/JSON
=> Result: ERROR
=> HTTP Status: 200 OK
Body: 
[ ]


Request #7b:
Header: 
GET /person/46/Culture Accept: APPLICATION/JSON Content-Type: APPLICATION/JSON
=> Result: ERROR
=> HTTP Status: 200 OK
Body: 
[ ]

Request#7 result is OK
Saved activity id: 3
Saved type: Social

**********3.8**********
****APPLICATION/JSON****

Request #8:
Header: 
GET /person/1/SOCIAL/3 Accept: APPLICATION/JSON Content-Type: APPLICATION/JSON
=> Result: OK
=> HTTP Status: 200 OK
Body: 
[ {
  "idActivity" : 3,
  "name" : "Cooking",
  "description" : "Japanese cooking class",
  "place" : "Rovereto",
  "type" : "Social",
  "startdate" : "2017-11-15T21:15:25"
} ]


**********3.9**********
****APPLICATION/JSON****
new activity id 51

Request #9:
Header: 
POST /person/1/SPORT Accept: APPLICATION/JSON Content-Type: APPLICATION/JSON
=> Result: OK
=> HTTP Status: 200 OK
Body: 
{
  "idActivity" : 51,
  "name" : "Swimming",
  "description" : "Swimming in the river",
  "place" : "Adige river",
  "type" : "Sport",
  "startdate" : "2017-12-28T07:50:00"
}

**********3.10**********
****APPLICATION/JSON****
changedPlace: Adige
origPlace: Adige river

Request #10:
Header: 
PUT /person/1/SPORT/51 Accept: APPLICATION/JSON Content-Type: APPLICATION/JSON
=> Result: OK
=> HTTP Status: 200 OK
Body: 
{
  "idActivity" : 51,
  "name" : "Swimming",
  "description" : "Swimming in the river",
  "place" : "Adige",
  "type" : "Sport",
  "startdate" : "2017-12-28T07:50:00"
}

**********3.11**********
****APPLICATION/JSON****

Request #11:
Header: 
GET /person/1/SOCIAL?before=2018-12-28T08:50:00&after=2017-10-11T00:00:00 Accept: APPLICATION/JSON Content-Type: APPLICATION/JSON
=> Result: OK
=> HTTP Status: 200 OK
Body: 
[ {
  "idActivity" : 3,
  "name" : "Cooking",
  "description" : "Japanese cooking class",
  "place" : "Rovereto",
  "type" : "Social",
  "startdate" : "2017-11-15T21:15:25"
} ]

